Arguments: 
  /usr/local/bin/node /usr/local/bin/yarn

PATH: 
  /usr/local/bin:/usr/bin:/bin:/usr/sbin:/sbin:/opt/X11/bin

Yarn version: 
  0.27.5

Node version: 
  8.0.0

Platform: 
  darwin x64

npm manifest: 
  {
    "name": "react-focus-element",
    "version": "1.0.0",
    "description": "react working in contenteditable element for iphone,chrome,safari(webkit kernel browser) to fix focus bug",
    "main": "lib/index.js",
    "scripts": {
      "build": "babel src --out-dir lib",
      "dist": "npm run format && npm run build && npm test && npm run docs",
      "docs": "jsdoc2md lib/index.js > api.md",
      "format": "prettier-eslint '{src,test}/**/*.js' --single-quote --no-semi es5 --write",
      "test": "mocha",
      "watch": "npm run watch-build & npm run watch-test",
      "watch-build": "npm run build -- --watch",
      "watch-test": "npm run test -- -w",
    },
    "repository": {
      "type": "git",
      "url": "git+https://github.com/danawoodman/react-fontawesome.git"
    },
    "bujs": {
      "url": "https://github.com/danawoodman/react-fontawesome/issues"
    },
    "keywords": [
      "react",
      "focus",
      "contenteditable"
    ],
    "devDependencies": {
      "babel-cli": "^6.6.5",
      "babel-core": "^6.7.4",
      "babel-plugin-add-module-exports": "^0.2.1",
      "babel-preset-es2015": "^6.6.0",
      "babel-preset-react": "^6.5.0",
      "babel-preset-stage-2": "^6.5.0",
      "chai": "^3.2.0",
      "eslint": "^3.19.0",
      "eslint-plugin-nodeca": "^1.0.3",
      "eslint-plugin-react": "^6.10.3",
      "jsdoc-to-markdown": "^3.0.0",
      "jsdom": "^9.12.0",
      "mocha": "^3.2.0",
      "mocha-jsdom": "^1.0.0",
      "mocha-sinon": "^2.0.0",
      "prettier-eslint": "^5.1.0",
      "prettier-eslint-cli": "^3.4.1",
      "react": "^15.0.1",
      "react-dom": "^15.0.1",
      "sinon": "^2.1.0",
      "sinon-chai": "^2.8.0"
    },
    "homepage": "https://github.com/danawoodman/react-fontawesome#readme",
    "engines": {
      "node": ">=0.10.0"
    },
    "peerDependencies": {
      "react": ">=0.12.0"
    },
    "dependencies": {
      "prop-types": "^15.5.6"
    },
    "author": "xuetao",
    "license": "ISC"
  }

yarn manifest: 
  No manifest

Lockfile: 
  No lockfile

Trace: 
  SyntaxError: /Users/koko/workspace/npmPKGWork/react-focus-element/package.json: Unexpected token } in JSON at position 643
      at JSON.parse (<anonymous>)
      at /usr/local/lib/node_modules/yarn/lib/util/fs.js:554:57
      at Generator.next (<anonymous>)
      at step (/usr/local/lib/node_modules/yarn/node_modules/babel-runtime/helpers/asyncToGenerator.js:17:30)
      at /usr/local/lib/node_modules/yarn/node_modules/babel-runtime/helpers/asyncToGenerator.js:28:13
      at <anonymous>
